build/outputs/logs/manifest-merger-debug-report.txt
-- Merging decision tree log ---
manifest
ADDED from Falling\AndroidManifest.xml:1:1-33:12
	package
		ADDED from Falling\AndroidManifest.xml:2:5-34
	android:versionName
		ADDED from Falling\AndroidManifest.xml:4:5-30
		INJECTED from Falling\AndroidManifest.xml
		INJECTED from Falling\AndroidManifest.xml
	android:versionCode
		ADDED from Falling\AndroidManifest.xml:3:5-28
		INJECTED from Falling\AndroidManifest.xml
		INJECTED from Falling\AndroidManifest.xml
	xmlns:android
		ADDED from Falling\AndroidManifest.xml:1:11-69
uses-sdk
ADDED from Falling\AndroidManifest.xml:6:5-8:41
	android:targetSdkVersion
		ADDED from Falling\AndroidManifest.xml:8:9-38
	android:minSdkVersion
		ADDED from Falling\AndroidManifest.xml:7:9-34
application
ADDED from Falling\AndroidManifest.xml:10:5-31:19
	android:label
		ADDED from Falling\AndroidManifest.xml:13:9-41
	android:allowBackup
		ADDED from Falling\AndroidManifest.xml:11:9-35
	android:icon
		ADDED from Falling\AndroidManifest.xml:12:9-44
	android:theme
		ADDED from Falling\AndroidManifest.xml:14:9-40
activity#com.enikbje.falling.MainActivity
ADDED from Falling\AndroidManifest.xml:15:9-23:14
	android:label
		ADDED from Falling\AndroidManifest.xml:17:13-45
	android:name
		ADDED from Falling\AndroidManifest.xml:16:13-40
intent-filter#android.intent.action.MAIN+android.intent.category.LAUNCHER
ADDED from Falling\AndroidManifest.xml:18:13-22:29
action#android.intent.action.MAIN
ADDED from Falling\AndroidManifest.xml:19:17-69
	android:name
		ADDED from Falling\AndroidManifest.xml:19:25-66
category#android.intent.category.LAUNCHER
ADDED from Falling\AndroidManifest.xml:21:17-77
	android:name
		ADDED from Falling\AndroidManifest.xml:21:27-74
activity#com.enikbje.falling.FallingActivity
ADDED from Falling\AndroidManifest.xml:24:3-30:14
	android:label
		ADDED from Falling\AndroidManifest.xml:26:13-45
	android:name
		ADDED from Falling\AndroidManifest.xml:25:13-43
meta-data#android.support.PARENT_ACTIVITY
ADDED from Falling\AndroidManifest.xml:27:13-29:64
	android:value
		ADDED from Falling\AndroidManifest.xml:29:13-61
	android:name
		ADDED from Falling\AndroidManifest.xml:28:13-59